<?xml version="1.0" encoding="UTF-8"?>
<testsuite name="rozetkaTest.ProductTest" tests="3" skipped="2" failures="1" errors="0" timestamp="2021-09-19T14:25:37" hostname="DESKTOP-JQDC5MV" time="9.815">
  <properties/>
  <testcase name="testsSetUp" classname="rozetkaTest.ProductTest" time="9.659">
    <failure message="org.openqa.selenium.SessionNotCreatedException: session not created&#10;from disconnected: received Inspector.detached event&#10;  (Session info: chrome=93.0.4577.82)&#10;Build info: version: '3.7.0', revision: '2321c73', time: '2017-11-02T22:22:35.584Z'&#10;System info: host: 'DESKTOP-JQDC5MV', ip: '192.168.0.107', os.name: 'Windows 10', os.arch: 'amd64', os.version: '10.0', java.version: '1.8.0_301'&#10;Driver info: driver.version: ChromeDriver&#10;remote stacktrace: Backtrace:&#10;&#9;Ordinal0 [0x011FA2D3+2663123]&#10;&#9;Ordinal0 [0x0118A491+2204817]&#10;&#9;Ordinal0 [0x01072118+1057048]&#10;&#9;Ordinal0 [0x010654F4+1004788]&#10;&#9;Ordinal0 [0x01065136+1003830]&#10;&#9;Ordinal0 [0x0106487A+1001594]&#10;&#9;Ordinal0 [0x01063A0D+997901]&#10;&#9;Ordinal0 [0x01063CC6+998598]&#10;&#9;Ordinal0 [0x010635B5+996789]&#10;&#9;Ordinal0 [0x0106E1C4+1040836]&#10;&#9;Ordinal0 [0x01063571+996721]&#10;&#9;Ordinal0 [0x01064496+1000598]&#10;&#9;Ordinal0 [0x01063A0D+997901]&#10;&#9;Ordinal0 [0x01063CC6+998598]&#10;&#9;Ordinal0 [0x010635B5+996789]&#10;&#9;Ordinal0 [0x0106C1AA+1032618]&#10;&#9;Ordinal0 [0x01063571+996721]&#10;&#9;Ordinal0 [0x01064496+1000598]&#10;&#9;Ordinal0 [0x01063A0D+997901]&#10;&#9;Ordinal0 [0x01063CC6+998598]&#10;&#9;Ordinal0 [0x010635B5+996789]&#10;&#9;Ordinal0 [0x0106A039+1024057]&#10;&#9;Ordinal0 [0x01063571+996721]&#10;&#9;Ordinal0 [0x01064496+1000598]&#10;&#9;Ordinal0 [0x01063A0D+997901]&#10;&#9;Ordinal0 [0x01063CC6+998598]&#10;&#9;Ordinal0 [0x010635B5+996789]&#10;&#9;Ordinal0 [0x0106935C+1020764]&#10;&#9;Ordinal0 [0x01063571+996721]&#10;&#9;Ordinal0 [0x01064496+1000598]&#10;&#9;Ordinal0 [0x01063A0D+997901]&#10;&#9;Ordinal0 [0x01063CC6+998598]&#10;&#9;Ordinal0 [0x010635B5+996789]&#10;&#9;Ordinal0 [0x0105F19D+979357]&#10;&#9;Ordinal0 [0x01063571+996721]&#10;&#9;Ordinal0 [0x01063310+996112]&#10;&#9;Ordinal0 [0x010630A9+995497]&#10;&#9;Ordinal0 [0x01073330+1061680]&#10;&#9;Ordinal0 [0x010BAD29+1355049]&#10;&#9;Ordinal0 [0x010B99FA+1350138]&#10;&#9;Ordinal0 [0x010B589B+1333403]&#10;&#9;Ordinal0 [0x01091F74+1187700]&#10;&#9;Ordinal0 [0x01092DC9+1191369]&#10;&#9;GetHandleVerifier [0x013930D6+1610054]&#10;&#9;GetHandleVerifier [0x0143B53B+2299307]&#10;&#9;GetHandleVerifier [0x01288DA9+519705]&#10;&#9;GetHandleVerifier [0x01287759+513993]&#10;&#9;Ordinal0 [0x0119112D+2232621]&#10;&#9;Ordinal0 [0x011955F8+2250232]&#10;&#9;Ordinal0 [0x01195732+2250546]&#10;&#9;Ordinal0 [0x0119E591+2286993]&#10;&#9;BaseThreadInitThunk [0x775CFA29+25]&#10;&#9;RtlGetAppContainerNamedObjectPath [0x77A97A9E+286]&#10;&#9;RtlGetAppContainerNamedObjectPath [0x77A97A6E+238]&#10;" type="org.openqa.selenium.SessionNotCreatedException">org.openqa.selenium.SessionNotCreatedException: session not created
from disconnected: received Inspector.detached event
  (Session info: chrome=93.0.4577.82)
Build info: version: '3.7.0', revision: '2321c73', time: '2017-11-02T22:22:35.584Z'
System info: host: 'DESKTOP-JQDC5MV', ip: '192.168.0.107', os.name: 'Windows 10', os.arch: 'amd64', os.version: '10.0', java.version: '1.8.0_301'
Driver info: driver.version: ChromeDriver
remote stacktrace: Backtrace:
	Ordinal0 [0x011FA2D3+2663123]
	Ordinal0 [0x0118A491+2204817]
	Ordinal0 [0x01072118+1057048]
	Ordinal0 [0x010654F4+1004788]
	Ordinal0 [0x01065136+1003830]
	Ordinal0 [0x0106487A+1001594]
	Ordinal0 [0x01063A0D+997901]
	Ordinal0 [0x01063CC6+998598]
	Ordinal0 [0x010635B5+996789]
	Ordinal0 [0x0106E1C4+1040836]
	Ordinal0 [0x01063571+996721]
	Ordinal0 [0x01064496+1000598]
	Ordinal0 [0x01063A0D+997901]
	Ordinal0 [0x01063CC6+998598]
	Ordinal0 [0x010635B5+996789]
	Ordinal0 [0x0106C1AA+1032618]
	Ordinal0 [0x01063571+996721]
	Ordinal0 [0x01064496+1000598]
	Ordinal0 [0x01063A0D+997901]
	Ordinal0 [0x01063CC6+998598]
	Ordinal0 [0x010635B5+996789]
	Ordinal0 [0x0106A039+1024057]
	Ordinal0 [0x01063571+996721]
	Ordinal0 [0x01064496+1000598]
	Ordinal0 [0x01063A0D+997901]
	Ordinal0 [0x01063CC6+998598]
	Ordinal0 [0x010635B5+996789]
	Ordinal0 [0x0106935C+1020764]
	Ordinal0 [0x01063571+996721]
	Ordinal0 [0x01064496+1000598]
	Ordinal0 [0x01063A0D+997901]
	Ordinal0 [0x01063CC6+998598]
	Ordinal0 [0x010635B5+996789]
	Ordinal0 [0x0105F19D+979357]
	Ordinal0 [0x01063571+996721]
	Ordinal0 [0x01063310+996112]
	Ordinal0 [0x010630A9+995497]
	Ordinal0 [0x01073330+1061680]
	Ordinal0 [0x010BAD29+1355049]
	Ordinal0 [0x010B99FA+1350138]
	Ordinal0 [0x010B589B+1333403]
	Ordinal0 [0x01091F74+1187700]
	Ordinal0 [0x01092DC9+1191369]
	GetHandleVerifier [0x013930D6+1610054]
	GetHandleVerifier [0x0143B53B+2299307]
	GetHandleVerifier [0x01288DA9+519705]
	GetHandleVerifier [0x01287759+513993]
	Ordinal0 [0x0119112D+2232621]
	Ordinal0 [0x011955F8+2250232]
	Ordinal0 [0x01195732+2250546]
	Ordinal0 [0x0119E591+2286993]
	BaseThreadInitThunk [0x775CFA29+25]
	RtlGetAppContainerNamedObjectPath [0x77A97A9E+286]
	RtlGetAppContainerNamedObjectPath [0x77A97A6E+238]

	at sun.reflect.NativeConstructorAccessorImpl.newInstance0(Native Method)
	at sun.reflect.NativeConstructorAccessorImpl.newInstance(NativeConstructorAccessorImpl.java:62)
	at sun.reflect.DelegatingConstructorAccessorImpl.newInstance(DelegatingConstructorAccessorImpl.java:45)
	at java.lang.reflect.Constructor.newInstance(Constructor.java:423)
	at org.openqa.selenium.remote.W3CHandshakeResponse.lambda$new$0(W3CHandshakeResponse.java:57)
	at org.openqa.selenium.remote.W3CHandshakeResponse.lambda$getResponseFunction$2(W3CHandshakeResponse.java:104)
	at org.openqa.selenium.remote.ProtocolHandshake.lambda$createSession$0(ProtocolHandshake.java:123)
	at java.util.stream.ReferencePipeline$3$1.accept(ReferencePipeline.java:193)
	at java.util.Spliterators$ArraySpliterator.tryAdvance(Spliterators.java:958)
	at java.util.stream.ReferencePipeline.forEachWithCancel(ReferencePipeline.java:126)
	at java.util.stream.AbstractPipeline.copyIntoWithCancel(AbstractPipeline.java:499)
	at java.util.stream.AbstractPipeline.copyInto(AbstractPipeline.java:486)
	at java.util.stream.AbstractPipeline.wrapAndCopyInto(AbstractPipeline.java:472)
	at java.util.stream.FindOps$FindOp.evaluateSequential(FindOps.java:152)
	at java.util.stream.AbstractPipeline.evaluate(AbstractPipeline.java:234)
	at java.util.stream.ReferencePipeline.findFirst(ReferencePipeline.java:464)
	at org.openqa.selenium.remote.ProtocolHandshake.createSession(ProtocolHandshake.java:126)
	at org.openqa.selenium.remote.ProtocolHandshake.createSession(ProtocolHandshake.java:73)
	at org.openqa.selenium.remote.HttpCommandExecutor.execute(HttpCommandExecutor.java:142)
	at org.openqa.selenium.remote.service.DriverCommandExecutor.execute(DriverCommandExecutor.java:83)
	at org.openqa.selenium.remote.RemoteWebDriver.execute(RemoteWebDriver.java:600)
	at org.openqa.selenium.remote.RemoteWebDriver.startSession(RemoteWebDriver.java:219)
	at org.openqa.selenium.remote.RemoteWebDriver.&lt;init&gt;(RemoteWebDriver.java:142)
	at org.openqa.selenium.chrome.ChromeDriver.&lt;init&gt;(ChromeDriver.java:181)
	at org.openqa.selenium.chrome.ChromeDriver.&lt;init&gt;(ChromeDriver.java:168)
	at org.openqa.selenium.chrome.ChromeDriver.&lt;init&gt;(ChromeDriver.java:123)
	at rozetka.driver.DriverRepo.instanceWebBrowser(DriverRepo.java:25)
	at rozetkaTest.BaseTest.testsSetUp(BaseTest.java:14)
	at sun.reflect.NativeMethodAccessorImpl.invoke0(Native Method)
	at sun.reflect.NativeMethodAccessorImpl.invoke(NativeMethodAccessorImpl.java:62)
	at sun.reflect.DelegatingMethodAccessorImpl.invoke(DelegatingMethodAccessorImpl.java:43)
	at java.lang.reflect.Method.invoke(Method.java:498)
	at org.testng.internal.MethodInvocationHelper.invokeMethod(MethodInvocationHelper.java:131)
	at org.testng.internal.MethodInvocationHelper.invokeMethodConsideringTimeout(MethodInvocationHelper.java:61)
	at org.testng.internal.ConfigInvoker.invokeConfigurationMethod(ConfigInvoker.java:340)
	at org.testng.internal.ConfigInvoker.invokeConfigurations(ConfigInvoker.java:294)
	at org.testng.internal.TestInvoker.runConfigMethods(TestInvoker.java:669)
	at org.testng.internal.TestInvoker.invokeMethod(TestInvoker.java:496)
	at org.testng.internal.TestInvoker.invokeTestMethod(TestInvoker.java:170)
	at org.testng.internal.TestMethodWithDataProviderMethodWorker.call(TestMethodWithDataProviderMethodWorker.java:77)
	at org.testng.internal.TestMethodWithDataProviderMethodWorker.call(TestMethodWithDataProviderMethodWorker.java:15)
	at java.util.concurrent.FutureTask.run(FutureTask.java:266)
	at java.util.concurrent.Executors$RunnableAdapter.call(Executors.java:511)
	at java.util.concurrent.FutureTask.run(FutureTask.java:266)
	at java.util.concurrent.ThreadPoolExecutor.runWorker(ThreadPoolExecutor.java:1149)
	at java.util.concurrent.ThreadPoolExecutor$Worker.run(ThreadPoolExecutor.java:624)
	at java.lang.Thread.run(Thread.java:748)
</failure>
  </testcase>
  <testcase name="searchProduct" classname="rozetkaTest.ProductTest" time="0.0">
    <skipped/>
  </testcase>
  <testcase name="searchProduct[0](rozetka.model.Product@183519c1)" classname="rozetkaTest.ProductTest" time="10.36">
    <skipped/>
  </testcase>
  <system-out><![CDATA[
Node Name :product

Node Name :product
?[32mINFO ?[m ?[32mmethod inputTextInSearchBox.?[m SearchPanel 
?[32mINFO ?[m ?[32mmethod safeInput click.?[m InputText 
]]></system-out>
  <system-err><![CDATA[Starting ChromeDriver 93.0.4577.15 (660fc11082ba57405eca2e8c49c3e1af756fbfae-refs/branch-heads/4577@{#203}) on port 18607
Only local connections are allowed.
Please see https://chromedriver.chromium.org/security-considerations for suggestions on keeping ChromeDriver safe.
ChromeDriver was started successfully.
сен 19, 2021 5:25:25 PM org.openqa.selenium.remote.ProtocolHandshake createSession
INFO: Detected dialect: W3C
[1632061537.348][SEVERE]: Unable to receive message from renderer
Starting ChromeDriver 93.0.4577.15 (660fc11082ba57405eca2e8c49c3e1af756fbfae-refs/branch-heads/4577@{#203}) on port 26336
Only local connections are allowed.
Please see https://chromedriver.chromium.org/security-considerations for suggestions on keeping ChromeDriver safe.
Starting ChromeDriver 93.0.4577.15 (660fc11082ba57405eca2e8c49c3e1af756fbfae-refs/branch-heads/4577@{#203}) on port 18599
Only local connections are allowed.
Please see https://chromedriver.chromium.org/security-considerations for suggestions on keeping ChromeDriver safe.
ChromeDriver was started successfully.
ChromeDriver was started successfully.
]]></system-err>
</testsuite>
